<?xml version="1.0" encoding="UTF-8"?>
<testsuites name="Mocha Tests" time="5.838" tests="1" failures="0">
  <testsuite name="Root Suite" timestamp="2025-09-17T15:48:18" tests="0" file="tests/cypress/e2e/createProposalwithoutLogin/createProposalwithoutLogin.test.js" time="0.000" failures="0">
  </testsuite>
  <testsuite name="Creating Proposal without login" timestamp="2025-09-17T15:48:18" tests="1" time="5.833" failures="0">
    <testcase name="Creating Proposal without login Create a basic proposal without login" time="5.765" classname="Create a basic proposal without login">
    </testcase>
  </testsuite>
</testsuites>