<?xml version="1.0" encoding="UTF-8"?>
<testsuites name="Mocha Tests" time="5.686" tests="1" failures="0">
  <testsuite name="Root Suite" timestamp="2025-09-17T13:35:47" tests="0" file="tests/cypress/e2e/createProposal/createProposal.test.js" time="0.000" failures="0">
  </testsuite>
  <testsuite name="Creating Proposal" timestamp="2025-09-17T13:35:47" tests="1" time="5.684" failures="0">
    <testcase name="Creating Proposal Create a basic proposal" time="5.642" classname="Create a basic proposal">
      <properties>
        <property name="test_key" value="XTP-59739"/>
      </properties>
    </testcase>
  </testsuite>
</testsuites>