<?xml version="1.0" encoding="UTF-8"?>
<testsuites name="Mocha Tests" time="15.833" tests="5" failures="0" skipped="2">
  <testsuite name="Root Suite" timestamp="2025-09-17T13:36:13" tests="0" file="tests/cypress/e2e/observations/VerifySpectralAverageLimits.test.js" time="0.000" failures="0">
  </testsuite>
  <testsuite name="Creating Observations, Verify spectral average limits, Continuum" timestamp="2025-09-17T13:36:13" tests="3" time="15.813" failures="0">
    <testcase name="Creating Observations, Verify spectral average limits, Continuum Verify Spectral average limits, Continuum Subarray AA4" time="6.119" classname="Verify Spectral average limits, Continuum Subarray AA4">
      <properties>
        <property name="test_key" value="XTP-71407"/>
      </properties>
    </testcase>
    <testcase name="Creating Observations, Verify spectral average limits, Continuum Verify Spectral average limits, Continuum Subarray AA2" time="4.921" classname="Verify Spectral average limits, Continuum Subarray AA2">
      <properties>
        <property name="test_key" value="XTP-71407"/>
      </properties>
    </testcase>
    <testcase name="Creating Observations, Verify spectral average limits, Continuum Verify Spectral average limits, Continuum Subarray AA1" time="4.641" classname="Verify Spectral average limits, Continuum Subarray AA1">
      <properties>
        <property name="test_key" value="XTP-71407"/>
      </properties>
    </testcase>
  </testsuite>
  <testsuite name="Creating Observations, Verify spectral average limits, Zoom " timestamp="2025-09-17T13:36:29" tests="2" time="0.019" failures="0">
  </testsuite>
</testsuites>