<?xml version="1.0" encoding="UTF-8"?>
<testsuites name="Mocha Tests" time="4.417" tests="2" failures="0">
  <testsuite name="Root Suite" timestamp="2025-09-17T13:36:42" tests="0" file="tests/cypress/e2e/users/reviewPanelChairman/reviewPanelChairman.test.js" time="0.000" failures="0">
  </testsuite>
  <testsuite name="Review Chairman" timestamp="2025-09-17T13:36:42" tests="2" time="4.416" failures="0">
    <testcase name="Review Chairman Navigate using the dropdown menu" time="3.594" classname="Navigate using the dropdown menu">
    </testcase>
    <testcase name="Review Chairman Make a review decision" time="0.667" classname="Make a review decision">
    </testcase>
  </testsuite>
</testsuites>